# JRE version: Java(TM) SE Runtime Environment (15.0.2+7) (build 15.0.2+7-27)
# Java VM: Java HotSpot(TM) 64-Bit Server VM (15.0.2+7-27, mixed mode, sharing, tiered, compressed oops, g1 gc, windows-amd64)
GC Precious Log:
 CPUs: 8 total, 8 available
 Memory: 8036M
 Large Page Support: Disabled
 NUMA Support: Disabled
 Compressed Oops: Enabled (32-bit)
 Heap Region Size: 1M
 Heap Min Capacity: 256M
 Heap Initial Capacity: 256M
 Heap Max Capacity: 512M
 Pre-touch: Disabled
 Parallel Workers: 8
 Concurrent Workers: 2
 Concurrent Refinement Workers: 8
 Periodic GC: Disabled
Heap:
 garbage-first heap   total 333824K, used 192076K [0x00000000e0000000, 0x0000000100000000)
  region size 1024K, 90 young (92160K), 10 survivors (10240K)
 Metaspace       used 115194K, capacity 117119K, committed 117788K, reserved 358400K
  class space    used 14149K, capacity 14750K, committed 14976K, reserved 253952K
GC Heap History (20 events):
Event: 96.461 GC heap before
{Heap before GC invocations=35 (full 0):
 garbage-first heap   total 333824K, used 266786K [0x00000000e0000000, 0x0000000100000000)
  region size 1024K, 149 young (152576K), 1 survivors (1024K)
 Metaspace       used 108528K, capacity 110193K, committed 110364K, reserved 350208K
  class space    used 13634K, capacity 14122K, committed 14208K, reserved 253952K
}
Event: 96.489 GC heap after
{Heap after GC invocations=36 (full 0):
 garbage-first heap   total 333824K, used 121895K [0x00000000e0000000, 0x0000000100000000)
  region size 1024K, 6 young (6144K), 6 survivors (6144K)
 Metaspace       used 108528K, capacity 110193K, committed 110364K, reserved 350208K
  class space    used 13634K, capacity 14122K, committed 14208K, reserved 253952K
}
Event: 1832.150 GC heap before
{Heap before GC invocations=36 (full 0):
 garbage-first heap   total 333824K, used 271399K [0x00000000e0000000, 0x0000000100000000)
  region size 1024K, 153 young (156672K), 6 survivors (6144K)
 Metaspace       used 111299K, capacity 113357K, committed 113692K, reserved 354304K
  class space    used 13987K, capacity 14614K, committed 14720K, reserved 253952K
}
Event: 1832.190 GC heap after
{Heap after GC invocations=37 (full 0):
 garbage-first heap   total 333824K, used 128000K [0x00000000e0000000, 0x0000000100000000)
  region size 1024K, 12 young (12288K), 12 survivors (12288K)
 Metaspace       used 111299K, capacity 113357K, committed 113692K, reserved 354304K
  class space    used 13987K, capacity 14614K, committed 14720K, reserved 253952K
}
Event: 1833.274 GC heap before
{Heap before GC invocations=37 (full 0):
 garbage-first heap   total 333824K, used 188416K [0x00000000e0000000, 0x0000000100000000)
  region size 1024K, 40 young (40960K), 12 survivors (12288K)
 Metaspace       used 111814K, capacity 113844K, committed 113948K, reserved 354304K
  class space    used 14037K, capacity 14637K, committed 14720K, reserved 253952K
}
Event: 1833.370 GC heap after
{Heap after GC invocations=38 (full 0):
 garbage-first heap   total 333824K, used 142068K [0x00000000e0000000, 0x0000000100000000)
  region size 1024K, 6 young (6144K), 6 survivors (6144K)
 Metaspace       used 111814K, capacity 113844K, committed 113948K, reserved 354304K
  class space    used 14037K, capacity 14637K, committed 14720K, reserved 253952K
}
Event: 1835.871 GC heap before
{Heap before GC invocations=39 (full 0):
 garbage-first heap   total 333824K, used 246516K [0x00000000e0000000, 0x0000000100000000)
  region size 1024K, 127 young (130048K), 6 survivors (6144K)
 Metaspace       used 112804K, capacity 114687K, committed 115612K, reserved 356352K
  class space    used 14093K, capacity 14652K, committed 14848K, reserved 253952K
}
Event: 1835.907 GC heap after
{Heap after GC invocations=40 (full 0):
 garbage-first heap   total 333824K, used 118223K [0x00000000e0000000, 0x0000000100000000)
  region size 1024K, 12 young (12288K), 12 survivors (12288K)
 Metaspace       used 112804K, capacity 114687K, committed 115612K, reserved 356352K
  class space    used 14093K, capacity 14652K, committed 14848K, reserved 253952K
}
Event: 1835.962 GC heap before
{Heap before GC invocations=40 (full 0):
 garbage-first heap   total 333824K, used 122319K [0x00000000e0000000, 0x0000000100000000)
  region size 1024K, 16 young (16384K), 12 survivors (12288K)
 Metaspace       used 112827K, capacity 114751K, committed 115612K, reserved 356352K
  class space    used 14094K, capacity 14652K, committed 14848K, reserved 253952K
}
Event: 1836.075 GC heap after
{Heap after GC invocations=41 (full 0):
 garbage-first heap   total 333824K, used 100352K [0x00000000e0000000, 0x0000000100000000)
  region size 1024K, 2 young (2048K), 2 survivors (2048K)
 Metaspace       used 112827K, capacity 114751K, committed 115612K, reserved 356352K
  class space    used 14094K, capacity 14652K, committed 14848K, reserved 253952K
}
Event: 1839.064 GC heap before
{Heap before GC invocations=41 (full 0):
 garbage-first heap   total 333824K, used 270336K [0x00000000e0000000, 0x0000000100000000)
  region size 1024K, 158 young (161792K), 2 survivors (2048K)
 Metaspace       used 113103K, capacity 115024K, committed 115868K, reserved 356352K
  class space    used 14103K, capacity 14666K, committed 14848K, reserved 253952K
}
Event: 1839.073 GC heap after
{Heap after GC invocations=42 (full 0):
 garbage-first heap   total 333824K, used 100696K [0x00000000e0000000, 0x0000000100000000)
  region size 1024K, 3 young (3072K), 3 survivors (3072K)
 Metaspace       used 113103K, capacity 115024K, committed 115868K, reserved 356352K
  class space    used 14103K, capacity 14666K, committed 14848K, reserved 253952K
}
Event: 1839.669 GC heap before
{Heap before GC invocations=42 (full 0):
 garbage-first heap   total 333824K, used 151896K [0x00000000e0000000, 0x0000000100000000)
  region size 1024K, 55 young (56320K), 3 survivors (3072K)
 Metaspace       used 113242K, capacity 115036K, committed 115868K, reserved 356352K
  class space    used 14107K, capacity 14668K, committed 14848K, reserved 253952K
}
Event: 1839.677 GC heap after
{Heap after GC invocations=43 (full 0):
 garbage-first heap   total 333824K, used 103622K [0x00000000e0000000, 0x0000000100000000)
  region size 1024K, 5 young (5120K), 5 survivors (5120K)
 Metaspace       used 113242K, capacity 115036K, committed 115868K, reserved 356352K
  class space    used 14107K, capacity 14668K, committed 14848K, reserved 253952K
}
Event: 1841.010 GC heap before
{Heap before GC invocations=44 (full 0):
 garbage-first heap   total 333824K, used 171206K [0x00000000e0000000, 0x0000000100000000)
  region size 1024K, 71 young (72704K), 5 survivors (5120K)
 Metaspace       used 113756K, capacity 115491K, committed 116380K, reserved 356352K
  class space    used 14108K, capacity 14639K, committed 14848K, reserved 253952K
}
Event: 1841.024 GC heap after
{Heap after GC invocations=45 (full 0):
 garbage-first heap   total 333824K, used 109335K [0x00000000e0000000, 0x0000000100000000)
  region size 1024K, 9 young (9216K), 9 survivors (9216K)
 Metaspace       used 113756K, capacity 115491K, committed 116380K, reserved 356352K
  class space    used 14108K, capacity 14639K, committed 14848K, reserved 253952K
}
Event: 1842.502 GC heap before
{Heap before GC invocations=46 (full 0):
 garbage-first heap   total 333824K, used 177943K [0x00000000e0000000, 0x0000000100000000)
  region size 1024K, 76 young (77824K), 9 survivors (9216K)
 Metaspace       used 114872K, capacity 116699K, committed 117404K, reserved 358400K
  class space    used 14139K, capacity 14679K, committed 14848K, reserved 253952K
}
Event: 1842.511 GC heap after
{Heap after GC invocations=47 (full 0):
 garbage-first heap   total 333824K, used 109691K [0x00000000e0000000, 0x0000000100000000)
  region size 1024K, 9 young (9216K), 9 survivors (9216K)
 Metaspace       used 114872K, capacity 116699K, committed 117404K, reserved 358400K
  class space    used 14139K, capacity 14679K, committed 14848K, reserved 253952K
}
Event: 1843.927 GC heap before
{Heap before GC invocations=48 (full 0):
 garbage-first heap   total 333824K, used 215163K [0x00000000e0000000, 0x0000000100000000)
  region size 1024K, 112 young (114688K), 9 survivors (9216K)
 Metaspace       used 115165K, capacity 117023K, committed 117788K, reserved 358400K
  class space    used 14147K, capacity 14718K, committed 14976K, reserved 253952K
}
Event: 1843.937 GC heap after
{Heap after GC invocations=49 (full 0):
 garbage-first heap   total 333824K, used 110156K [0x00000000e0000000, 0x0000000100000000)
  region size 1024K, 10 young (10240K), 10 survivors (10240K)
 Metaspace       used 115165K, capacity 117023K, committed 117788K, reserved 358400K
  class space    used 14147K, capacity 14718K, committed 14976K, reserved 253952K
}

